app/build/intermediates/manifest_merge_blame_file/debug/manifest-merger-blame-debug-report.txt
1<?xml version="1.0" encoding="utf-8"?>
2<manifest xmlns:android="http://schemas.android.com/apk/res/android"
3    package="com.example.packandgo"
4    android:versionCode="1"
5    android:versionName="1.0" >
6
7    <uses-sdk
8        android:minSdkVersion="21"
8-->src\main\AndroidManifest.xml
9        android:targetSdkVersion="32" />
9-->src\main\AndroidManifest.xml
10
11    <uses-permission android:name="android.permission.INTERNET" />
11-->src\main\AndroidManifest.xml:5:5-67
11-->src\main\AndroidManifest.xml:5:22-64
12    <uses-permission android:name="android.permission.ACCESS_NETWORK_STATE" />
12-->src\main\AndroidManifest.xml:6:5-79
12-->src\main\AndroidManifest.xml:6:22-76
13
14    <application
14-->src\main\AndroidManifest.xml:8:5-46:19
15        android:allowBackup="true"
15-->src\main\AndroidManifest.xml:9:9-35
16        android:appComponentFactory="androidx.core.app.CoreComponentFactory"
16-->[androidx.core:core:1.8.0] AndroidManifest.xml:24:18-86
17        android:dataExtractionRules="@xml/data_extraction_rules"
17-->src\main\AndroidManifest.xml:10:9-65
18        android:debuggable="true"
19        android:fullBackupContent="@xml/backup_rules"
19-->src\main\AndroidManifest.xml:11:9-54
20        android:icon="@mipmap/ic_launcher"
20-->src\main\AndroidManifest.xml:12:9-43
21        android:label="@string/app_name"
21-->src\main\AndroidManifest.xml:13:9-41
22        android:roundIcon="@mipmap/ic_launcher_round"
22-->src\main\AndroidManifest.xml:14:9-54
23        android:supportsRtl="true"
23-->src\main\AndroidManifest.xml:15:9-35
24        android:testOnly="true"
25        android:theme="@style/Theme.PackAndGo" >
25-->src\main\AndroidManifest.xml:16:9-47
26        <activity
26-->src\main\AndroidManifest.xml:19:9-25:20
27            android:name="com.example.packandgo.NewTaskActivity"
27-->src\main\AndroidManifest.xml:20:13-44
28            android:exported="false" >
28-->src\main\AndroidManifest.xml:21:13-37
29            <meta-data
29-->src\main\AndroidManifest.xml:22:13-24:36
30                android:name="android.app.lib_name"
30-->src\main\AndroidManifest.xml:23:17-52
31                android:value="" />
31-->src\main\AndroidManifest.xml:24:17-33
32        </activity>
33        <activity
33-->src\main\AndroidManifest.xml:26:9-32:20
34            android:name="com.example.packandgo.MyTripActivity"
34-->src\main\AndroidManifest.xml:27:13-43
35            android:exported="false" >
35-->src\main\AndroidManifest.xml:28:13-37
36            <meta-data
36-->src\main\AndroidManifest.xml:22:13-24:36
37                android:name="android.app.lib_name"
37-->src\main\AndroidManifest.xml:23:17-52
38                android:value="" />
38-->src\main\AndroidManifest.xml:24:17-33
39        </activity>
40        <activity
40-->src\main\AndroidManifest.xml:33:9-45:20
41            android:name="com.example.packandgo.MainActivity"
41-->src\main\AndroidManifest.xml:34:13-41
42            android:exported="true" >
42-->src\main\AndroidManifest.xml:35:13-36
43            <intent-filter>
43-->src\main\AndroidManifest.xml:36:13-40:29
44                <action android:name="android.intent.action.MAIN" />
44-->src\main\AndroidManifest.xml:37:17-69
44-->src\main\AndroidManifest.xml:37:25-66
45
46                <category android:name="android.intent.category.LAUNCHER" />
46-->src\main\AndroidManifest.xml:39:17-77
46-->src\main\AndroidManifest.xml:39:27-74
47            </intent-filter>
48
49            <meta-data
49-->src\main\AndroidManifest.xml:22:13-24:36
50                android:name="android.app.lib_name"
50-->src\main\AndroidManifest.xml:23:17-52
51                android:value="" />
51-->src\main\AndroidManifest.xml:24:17-33
52        </activity>
53
54        <service
54-->[com.google.firebase:firebase-firestore-ktx:24.4.1] AndroidManifest.xml:11:9-17:19
55            android:name="com.google.firebase.components.ComponentDiscoveryService"
55-->[com.google.firebase:firebase-firestore-ktx:24.4.1] AndroidManifest.xml:12:13-84
56            android:directBootAware="true"
56-->[com.google.firebase:firebase-common:20.2.0] AndroidManifest.xml:34:13-43
57            android:exported="false" >
57-->[com.google.firebase:firebase-firestore-ktx:24.4.1] AndroidManifest.xml:13:13-37
58            <meta-data
58-->[com.google.firebase:firebase-firestore-ktx:24.4.1] AndroidManifest.xml:14:13-16:85
59                android:name="com.google.firebase.components:com.google.firebase.firestore.ktx.FirebaseFirestoreKtxRegistrar"
59-->[com.google.firebase:firebase-firestore-ktx:24.4.1] AndroidManifest.xml:15:17-126
60                android:value="com.google.firebase.components.ComponentRegistrar" />
60-->[com.google.firebase:firebase-firestore-ktx:24.4.1] AndroidManifest.xml:16:17-82
61            <meta-data
61-->[com.google.firebase:firebase-storage-ktx:20.1.0] AndroidManifest.xml:14:13-16:85
62                android:name="com.google.firebase.components:com.google.firebase.storage.ktx.FirebaseStorageKtxRegistrar"
62-->[com.google.firebase:firebase-storage-ktx:20.1.0] AndroidManifest.xml:15:17-122
63                android:value="com.google.firebase.components.ComponentRegistrar" />
63-->[com.google.firebase:firebase-storage-ktx:20.1.0] AndroidManifest.xml:16:17-82
64            <meta-data
64-->[com.google.firebase:firebase-database-ktx:20.1.0] AndroidManifest.xml:14:13-16:85
65                android:name="com.google.firebase.components:com.google.firebase.database.ktx.FirebaseDatabaseKtxRegistrar"
65-->[com.google.firebase:firebase-database-ktx:20.1.0] AndroidManifest.xml:15:17-124
66                android:value="com.google.firebase.components.ComponentRegistrar" />
66-->[com.google.firebase:firebase-database-ktx:20.1.0] AndroidManifest.xml:16:17-82
67            <meta-data
67-->[com.google.firebase:firebase-common-ktx:20.2.0] AndroidManifest.xml:14:13-16:85
68                android:name="com.google.firebase.components:com.google.firebase.ktx.FirebaseCommonKtxRegistrar"
68-->[com.google.firebase:firebase-common-ktx:20.2.0] AndroidManifest.xml:15:17-113
69                android:value="com.google.firebase.components.ComponentRegistrar" />
69-->[com.google.firebase:firebase-common-ktx:20.2.0] AndroidManifest.xml:16:17-82
70            <meta-data
70-->[com.google.firebase:firebase-firestore:24.4.1] AndroidManifest.xml:19:13-21:85
71                android:name="com.google.firebase.components:com.google.firebase.firestore.FirestoreRegistrar"
71-->[com.google.firebase:firebase-firestore:24.4.1] AndroidManifest.xml:20:17-111
72                android:value="com.google.firebase.components.ComponentRegistrar" />
72-->[com.google.firebase:firebase-firestore:24.4.1] AndroidManifest.xml:21:17-82
73            <meta-data
73-->[com.google.firebase:firebase-storage:20.1.0] AndroidManifest.xml:32:13-34:85
74                android:name="com.google.firebase.components:com.google.firebase.storage.StorageRegistrar"
74-->[com.google.firebase:firebase-storage:20.1.0] AndroidManifest.xml:33:17-107
75                android:value="com.google.firebase.components.ComponentRegistrar" />
75-->[com.google.firebase:firebase-storage:20.1.0] AndroidManifest.xml:34:17-82
76            <meta-data
76-->[com.google.firebase:firebase-database:20.1.0] AndroidManifest.xml:31:13-33:85
77                android:name="com.google.firebase.components:com.google.firebase.database.DatabaseRegistrar"
77-->[com.google.firebase:firebase-database:20.1.0] AndroidManifest.xml:32:17-109
78                android:value="com.google.firebase.components.ComponentRegistrar" />
78-->[com.google.firebase:firebase-database:20.1.0] AndroidManifest.xml:33:17-82
79        </service>
80
81        <provider
81-->[com.google.firebase:firebase-common:20.2.0] AndroidManifest.xml:25:9-30:39
82            android:name="com.google.firebase.provider.FirebaseInitProvider"
82-->[com.google.firebase:firebase-common:20.2.0] AndroidManifest.xml:26:13-77
83            android:authorities="com.example.packandgo.firebaseinitprovider"
83-->[com.google.firebase:firebase-common:20.2.0] AndroidManifest.xml:27:13-72
84            android:directBootAware="true"
84-->[com.google.firebase:firebase-common:20.2.0] AndroidManifest.xml:28:13-43
85            android:exported="false"
85-->[com.google.firebase:firebase-common:20.2.0] AndroidManifest.xml:29:13-37
86            android:initOrder="100" />
86-->[com.google.firebase:firebase-common:20.2.0] AndroidManifest.xml:30:13-36
87
88        <activity
88-->[com.google.android.gms:play-services-base:18.0.1] AndroidManifest.xml:20:9-22:45
89            android:name="com.google.android.gms.common.api.GoogleApiActivity"
89-->[com.google.android.gms:play-services-base:18.0.1] AndroidManifest.xml:20:19-85
90            android:exported="false"
90-->[com.google.android.gms:play-services-base:18.0.1] AndroidManifest.xml:22:19-43
91            android:theme="@android:style/Theme.Translucent.NoTitleBar" />
91-->[com.google.android.gms:play-services-base:18.0.1] AndroidManifest.xml:21:19-78
92
93        <meta-data
93-->[com.google.android.gms:play-services-basement:18.1.0] AndroidManifest.xml:21:9-23:69
94            android:name="com.google.android.gms.version"
94-->[com.google.android.gms:play-services-basement:18.1.0] AndroidManifest.xml:22:13-58
95            android:value="@integer/google_play_services_version" />
95-->[com.google.android.gms:play-services-basement:18.1.0] AndroidManifest.xml:23:13-66
96
97        <provider
97-->[androidx.emoji2:emoji2:1.2.0] AndroidManifest.xml:24:9-32:20
98            android:name="androidx.startup.InitializationProvider"
98-->[androidx.emoji2:emoji2:1.2.0] AndroidManifest.xml:25:13-67
99            android:authorities="com.example.packandgo.androidx-startup"
99-->[androidx.emoji2:emoji2:1.2.0] AndroidManifest.xml:26:13-68
100            android:exported="false" >
100-->[androidx.emoji2:emoji2:1.2.0] AndroidManifest.xml:27:13-37
101            <meta-data
101-->[androidx.emoji2:emoji2:1.2.0] AndroidManifest.xml:29:13-31:52
102                android:name="androidx.emoji2.text.EmojiCompatInitializer"
102-->[androidx.emoji2:emoji2:1.2.0] AndroidManifest.xml:30:17-75
103                android:value="androidx.startup" />
103-->[androidx.emoji2:emoji2:1.2.0] AndroidManifest.xml:31:17-49
104            <meta-data
104-->[androidx.lifecycle:lifecycle-process:2.4.1] AndroidManifest.xml:31:13-33:52
105                android:name="androidx.lifecycle.ProcessLifecycleInitializer"
105-->[androidx.lifecycle:lifecycle-process:2.4.1] AndroidManifest.xml:32:17-78
106                android:value="androidx.startup" />
106-->[androidx.lifecycle:lifecycle-process:2.4.1] AndroidManifest.xml:33:17-49
107        </provider>
108    </application>
109
110</manifest>